2021-07-06 13:05:57.024 INFO [TestNG-PoolService-2] [com.duke.base.BaseClass] [setUp] [com.duke.base.BaseClass.setUp(BaseClass.java:38)] - config file loaded
2021-07-06 13:05:57.036 INFO [TestNG-PoolService-2] [com.duke.base.BaseClass] [setUp] [com.duke.base.BaseClass.setUp(BaseClass.java:41)] - OR file loaded
2021-07-06 13:06:02.504 INFO [TestNG-PoolService-1] [com.duke.base.BaseClass] [setUp] [com.duke.base.BaseClass.setUp(BaseClass.java:50)] - Chrome launched
2021-07-06 13:06:02.622 INFO [TestNG-PoolService-2] [com.duke.base.BaseClass] [setUp] [com.duke.base.BaseClass.setUp(BaseClass.java:50)] - Chrome launched
2021-07-06 13:06:02.695 INFO [TestNG-PoolService-0] [com.duke.base.BaseClass] [setUp] [com.duke.base.BaseClass.setUp(BaseClass.java:50)] - Chrome launched
2021-07-06 13:06:10.317 DEBUG [TestNG-PoolService-1] [com.duke.base.BaseClass] [setUp] [com.duke.base.BaseClass.setUp(BaseClass.java:53)] - URL launched https://parabank.parasoft.com/parabank/index.htm
2021-07-06 13:06:10.827 DEBUG [TestNG-PoolService-0] [com.duke.base.BaseClass] [setUp] [com.duke.base.BaseClass.setUp(BaseClass.java:53)] - URL launched https://parabank.parasoft.com/parabank/index.htm
2021-07-06 13:06:11.532 DEBUG [TestNG-PoolService-2] [com.duke.base.BaseClass] [setUp] [com.duke.base.BaseClass.setUp(BaseClass.java:53)] - URL launched https://parabank.parasoft.com/parabank/index.htm
2021-07-06 13:06:18.199 DEBUG [TestNG-PoolService-0] [com.duke.base.BaseClass] [tearDown] [com.duke.base.BaseClass.tearDown(BaseClass.java:71)] - driver closed
2021-07-06 13:06:18.230 DEBUG [TestNG-PoolService-1] [com.duke.base.BaseClass] [tearDown] [com.duke.base.BaseClass.tearDown(BaseClass.java:71)] - driver closed
2021-07-06 13:06:18.292 DEBUG [TestNG-PoolService-2] [com.duke.base.BaseClass] [tearDown] [com.duke.base.BaseClass.tearDown(BaseClass.java:71)] - driver closed
2021-07-06 13:06:18.526 INFO [main] [com.duke.base.BaseClass] [setUp] [com.duke.base.BaseClass.setUp(BaseClass.java:38)] - config file loaded
2021-07-06 13:06:18.534 INFO [main] [com.duke.base.BaseClass] [setUp] [com.duke.base.BaseClass.setUp(BaseClass.java:41)] - OR file loaded
2021-07-06 13:06:20.439 INFO [main] [com.duke.base.BaseClass] [setUp] [com.duke.base.BaseClass.setUp(BaseClass.java:50)] - Chrome launched
2021-07-06 13:06:29.473 DEBUG [main] [com.duke.base.BaseClass] [setUp] [com.duke.base.BaseClass.setUp(BaseClass.java:53)] - URL launched https://parabank.parasoft.com/parabank/index.htm
2021-07-06 13:06:33.265 DEBUG [main] [com.duke.base.BaseClass] [tearDown] [com.duke.base.BaseClass.tearDown(BaseClass.java:71)] - driver closed
2021-07-06 13:06:33.273 INFO [main] [com.duke.base.BaseClass] [setUp] [com.duke.base.BaseClass.setUp(BaseClass.java:38)] - config file loaded
2021-07-06 13:06:33.275 INFO [main] [com.duke.base.BaseClass] [setUp] [com.duke.base.BaseClass.setUp(BaseClass.java:41)] - OR file loaded
2021-07-06 13:06:35.299 INFO [main] [com.duke.base.BaseClass] [setUp] [com.duke.base.BaseClass.setUp(BaseClass.java:50)] - Chrome launched
2021-07-06 13:06:40.568 DEBUG [main] [com.duke.base.BaseClass] [setUp] [com.duke.base.BaseClass.setUp(BaseClass.java:53)] - URL launched https://parabank.parasoft.com/parabank/index.htm
2021-07-06 13:06:45.733 DEBUG [main] [com.duke.base.BaseClass] [tearDown] [com.duke.base.BaseClass.tearDown(BaseClass.java:71)] - driver closed
